2026-01-31 01:09:27 [INFO] app: Logging configuration initialized
2026-01-31 01:09:50 [INFO] app.api.v1.endpoints.billing: Received webhook event: customer.created (evt_1SvUZ3QBou9YDSD2J3ZyeIbx)
2026-01-31 01:09:50 [INFO] app.api.v1.endpoints.billing: Successfully processed event evt_1SvUZ3QBou9YDSD2J3ZyeIbx
2026-01-31 01:09:55 [INFO] app.services.analytics: MTD Financial Metrics for org 4384a92c-df41-444b-b34d-6c80e7820486: Revenue: 125000, Expenses: 5E+4, Date range: 2026-01-01 to 2026-01-31
2026-01-31 01:09:55 [INFO] app.services.analytics: YTD Financial Metrics for org 4384a92c-df41-444b-b34d-6c80e7820486: Revenue: 125000, Expenses: 5E+4, Date range: 2026-01-01 to 2026-01-31
2026-01-31 01:10:08 [INFO] app.services.analytics: MTD Financial Metrics for org 4384a92c-df41-444b-b34d-6c80e7820486: Revenue: 125000, Expenses: 5E+4, Date range: 2026-01-01 to 2026-01-31
2026-01-31 01:10:08 [INFO] app.services.analytics: YTD Financial Metrics for org 4384a92c-df41-444b-b34d-6c80e7820486: Revenue: 125000, Expenses: 5E+4, Date range: 2026-01-01 to 2026-01-31
2026-01-31 01:12:34 [INFO] app.services.analytics: MTD Financial Metrics for org b5529827-b215-4bfa-9a4f-d03d521ba1ea: Revenue: 0, Expenses: 0, Date range: 2026-01-01 to 2026-01-31
2026-01-31 01:12:34 [INFO] app.services.analytics: YTD Financial Metrics for org b5529827-b215-4bfa-9a4f-d03d521ba1ea: Revenue: 0, Expenses: 0, Date range: 2026-01-01 to 2026-01-31
2026-01-31 01:15:01 [INFO] app.api.v1.endpoints.billing: Received webhook event: customer.created (evt_1SvUfMQBou9YDSD28TGrAnWM)
2026-01-31 01:15:01 [INFO] app.api.v1.endpoints.billing: Successfully processed event evt_1SvUfMQBou9YDSD28TGrAnWM
2026-01-31 01:15:25 [INFO] app.services.analytics: MTD Financial Metrics for org b5529827-b215-4bfa-9a4f-d03d521ba1ea: Revenue: 0, Expenses: 0, Date range: 2026-01-01 to 2026-01-31
2026-01-31 01:15:25 [INFO] app.services.analytics: YTD Financial Metrics for org b5529827-b215-4bfa-9a4f-d03d521ba1ea: Revenue: 0, Expenses: 0, Date range: 2026-01-01 to 2026-01-31
2026-01-31 01:15:35 [INFO] app.api.v1.endpoints.billing: Received webhook event: customer.created (evt_1SvUfSQBou9YDSD2BQyP6oCm)
2026-01-31 01:15:35 [INFO] app.api.v1.endpoints.billing: Successfully processed event evt_1SvUfSQBou9YDSD2BQyP6oCm
2026-01-31 01:17:36 [INFO] app.services.analytics: MTD Financial Metrics for org b5529827-b215-4bfa-9a4f-d03d521ba1ea: Revenue: 0, Expenses: 0, Date range: 2026-01-01 to 2026-01-31
2026-01-31 01:17:36 [INFO] app.services.analytics: YTD Financial Metrics for org b5529827-b215-4bfa-9a4f-d03d521ba1ea: Revenue: 0, Expenses: 0, Date range: 2026-01-01 to 2026-01-31
2026-01-31 01:22:21 [INFO] app.services.analytics: MTD Financial Metrics for org b5529827-b215-4bfa-9a4f-d03d521ba1ea: Revenue: 0, Expenses: 0, Date range: 2026-01-01 to 2026-01-31
2026-01-31 01:22:21 [INFO] app.services.analytics: YTD Financial Metrics for org b5529827-b215-4bfa-9a4f-d03d521ba1ea: Revenue: 0, Expenses: 0, Date range: 2026-01-01 to 2026-01-31
2026-01-31 01:22:33 [WARNING] app.api.deps: Access denied: User 3454bfa2-aabe-4254-b89d-af29c98548fc attempted org b5529827-b215-4bfa-9a4f-d03d521ba1ea but belongs to 4384a92c-df41-444b-b34d-6c80e7820486
2026-01-31 01:22:33 [INFO] app.services.analytics: MTD Financial Metrics for org 4384a92c-df41-444b-b34d-6c80e7820486: Revenue: 125000, Expenses: 5E+4, Date range: 2026-01-01 to 2026-01-31
2026-01-31 01:22:33 [INFO] app.services.analytics: YTD Financial Metrics for org 4384a92c-df41-444b-b34d-6c80e7820486: Revenue: 125000, Expenses: 5E+4, Date range: 2026-01-01 to 2026-01-31
2026-01-31 01:22:33 [WARNING] app.api.deps: Access denied: User 3454bfa2-aabe-4254-b89d-af29c98548fc attempted org b5529827-b215-4bfa-9a4f-d03d521ba1ea but belongs to 4384a92c-df41-444b-b34d-6c80e7820486
2026-01-31 01:22:34 [WARNING] app.api.deps: Access denied: User 3454bfa2-aabe-4254-b89d-af29c98548fc attempted org b5529827-b215-4bfa-9a4f-d03d521ba1ea but belongs to 4384a92c-df41-444b-b34d-6c80e7820486
2026-01-31 01:22:34 [WARNING] app.api.deps: Access denied: User 3454bfa2-aabe-4254-b89d-af29c98548fc attempted org b5529827-b215-4bfa-9a4f-d03d521ba1ea but belongs to 4384a92c-df41-444b-b34d-6c80e7820486
2026-01-31 01:22:36 [WARNING] app.api.deps: Access denied: User 3454bfa2-aabe-4254-b89d-af29c98548fc attempted org b5529827-b215-4bfa-9a4f-d03d521ba1ea but belongs to 4384a92c-df41-444b-b34d-6c80e7820486
2026-01-31 01:22:36 [WARNING] app.api.deps: Access denied: User 3454bfa2-aabe-4254-b89d-af29c98548fc attempted org b5529827-b215-4bfa-9a4f-d03d521ba1ea but belongs to 4384a92c-df41-444b-b34d-6c80e7820486
2026-01-31 01:22:40 [INFO] app.services.analytics: MTD Financial Metrics for org 4384a92c-df41-444b-b34d-6c80e7820486: Revenue: 125000, Expenses: 5E+4, Date range: 2026-01-01 to 2026-01-31
2026-01-31 01:22:40 [INFO] app.services.analytics: YTD Financial Metrics for org 4384a92c-df41-444b-b34d-6c80e7820486: Revenue: 125000, Expenses: 5E+4, Date range: 2026-01-01 to 2026-01-31
