2026-02-04 23:37:39 [INFO] app: Logging configuration initialized
2026-02-04 23:38:19 [INFO] app.core.websocket_manager: WebSocket connected: user=3454bfa2-aabe-4254-b89d-af29c98548fc, org=4384a92c-df41-444b-b34d-6c80e7820486. Total connections: 1
2026-02-04 23:38:19 [INFO] app.core.websocket_manager: WebSocket connected: user=3454bfa2-aabe-4254-b89d-af29c98548fc, org=4384a92c-df41-444b-b34d-6c80e7820486. Total connections: 2
2026-02-04 23:42:56 [INFO] app.core.websocket_manager: WebSocket disconnected: user=3454bfa2-aabe-4254-b89d-af29c98548fc, org=4384a92c-df41-444b-b34d-6c80e7820486. Total connections: 1
2026-02-04 23:42:56 [INFO] app.core.websocket_manager: WebSocket connected: user=3454bfa2-aabe-4254-b89d-af29c98548fc, org=4384a92c-df41-444b-b34d-6c80e7820486. Total connections: 2
2026-02-04 23:42:56 [INFO] app.core.websocket_manager: WebSocket connected: user=3454bfa2-aabe-4254-b89d-af29c98548fc, org=4384a92c-df41-444b-b34d-6c80e7820486. Total connections: 3
2026-02-04 23:43:15 [INFO] app.core.websocket_manager: WebSocket disconnected: user=3454bfa2-aabe-4254-b89d-af29c98548fc, org=4384a92c-df41-444b-b34d-6c80e7820486. Total connections: 2
2026-02-04 23:43:15 [INFO] app.core.websocket_manager: WebSocket disconnected: user=3454bfa2-aabe-4254-b89d-af29c98548fc, org=4384a92c-df41-444b-b34d-6c80e7820486. Total connections: 1
2026-02-04 23:43:15 [INFO] app.core.websocket_manager: WebSocket connected: user=3454bfa2-aabe-4254-b89d-af29c98548fc, org=4384a92c-df41-444b-b34d-6c80e7820486. Total connections: 2
2026-02-04 23:43:15 [INFO] app.core.websocket_manager: WebSocket connected: user=3454bfa2-aabe-4254-b89d-af29c98548fc, org=4384a92c-df41-444b-b34d-6c80e7820486. Total connections: 3
2026-02-04 23:43:16 [INFO] app.core.websocket_manager: WebSocket connected: user=3454bfa2-aabe-4254-b89d-af29c98548fc, org=4384a92c-df41-444b-b34d-6c80e7820486. Total connections: 4
2026-02-04 23:43:16 [INFO] app.core.websocket_manager: WebSocket connected: user=3454bfa2-aabe-4254-b89d-af29c98548fc, org=4384a92c-df41-444b-b34d-6c80e7820486. Total connections: 5
2026-02-04 23:44:28 [INFO] app.core.websocket_manager: WebSocket disconnected: user=3454bfa2-aabe-4254-b89d-af29c98548fc, org=4384a92c-df41-444b-b34d-6c80e7820486. Total connections: 4
2026-02-04 23:44:28 [INFO] app.core.websocket_manager: WebSocket disconnected: user=3454bfa2-aabe-4254-b89d-af29c98548fc, org=4384a92c-df41-444b-b34d-6c80e7820486. Total connections: 3
2026-02-04 23:44:28 [INFO] app.core.websocket_manager: WebSocket connected: user=3454bfa2-aabe-4254-b89d-af29c98548fc, org=4384a92c-df41-444b-b34d-6c80e7820486. Total connections: 4
2026-02-04 23:44:28 [INFO] app.core.websocket_manager: WebSocket connected: user=3454bfa2-aabe-4254-b89d-af29c98548fc, org=4384a92c-df41-444b-b34d-6c80e7820486. Total connections: 5
2026-02-04 23:44:29 [INFO] app.core.websocket_manager: WebSocket connected: user=3454bfa2-aabe-4254-b89d-af29c98548fc, org=4384a92c-df41-444b-b34d-6c80e7820486. Total connections: 6
2026-02-04 23:44:29 [INFO] app.core.websocket_manager: WebSocket connected: user=3454bfa2-aabe-4254-b89d-af29c98548fc, org=4384a92c-df41-444b-b34d-6c80e7820486. Total connections: 7
2026-02-04 23:47:56 [INFO] app.core.websocket_manager: WebSocket disconnected: user=3454bfa2-aabe-4254-b89d-af29c98548fc, org=4384a92c-df41-444b-b34d-6c80e7820486. Total connections: 6
2026-02-04 23:47:56 [INFO] app.core.websocket_manager: WebSocket disconnected: user=3454bfa2-aabe-4254-b89d-af29c98548fc, org=4384a92c-df41-444b-b34d-6c80e7820486. Total connections: 5
2026-02-04 23:47:56 [INFO] app.core.websocket_manager: WebSocket disconnected: user=3454bfa2-aabe-4254-b89d-af29c98548fc, org=4384a92c-df41-444b-b34d-6c80e7820486. Total connections: 4
2026-02-04 23:48:00 [INFO] app.core.websocket_manager: WebSocket disconnected: user=3454bfa2-aabe-4254-b89d-af29c98548fc, org=4384a92c-df41-444b-b34d-6c80e7820486. Total connections: 3
2026-02-04 23:48:00 [INFO] app.core.websocket_manager: WebSocket disconnected: user=3454bfa2-aabe-4254-b89d-af29c98548fc, org=4384a92c-df41-444b-b34d-6c80e7820486. Total connections: 2
2026-02-04 23:48:00 [INFO] app.core.websocket_manager: WebSocket disconnected: user=3454bfa2-aabe-4254-b89d-af29c98548fc, org=4384a92c-df41-444b-b34d-6c80e7820486. Total connections: 1
2026-02-04 23:48:00 [INFO] app.core.websocket_manager: WebSocket disconnected: user=3454bfa2-aabe-4254-b89d-af29c98548fc, org=4384a92c-df41-444b-b34d-6c80e7820486. Total connections: 0
2026-02-04 23:48:00 [INFO] app.core.websocket_manager: WebSocket connected: user=3454bfa2-aabe-4254-b89d-af29c98548fc, org=4384a92c-df41-444b-b34d-6c80e7820486. Total connections: 1
2026-02-04 23:48:00 [INFO] app.core.websocket_manager: WebSocket connected: user=3454bfa2-aabe-4254-b89d-af29c98548fc, org=4384a92c-df41-444b-b34d-6c80e7820486. Total connections: 2
2026-02-04 23:49:11 [INFO] app.core.websocket_manager: WebSocket disconnected: user=3454bfa2-aabe-4254-b89d-af29c98548fc, org=4384a92c-df41-444b-b34d-6c80e7820486. Total connections: 1
2026-02-04 23:49:11 [INFO] app.core.websocket_manager: WebSocket disconnected: user=3454bfa2-aabe-4254-b89d-af29c98548fc, org=4384a92c-df41-444b-b34d-6c80e7820486. Total connections: 0
2026-02-04 23:49:12 [INFO] app.core.websocket_manager: WebSocket connected: user=3454bfa2-aabe-4254-b89d-af29c98548fc, org=4384a92c-df41-444b-b34d-6c80e7820486. Total connections: 1
2026-02-04 23:49:12 [INFO] app.core.websocket_manager: WebSocket connected: user=3454bfa2-aabe-4254-b89d-af29c98548fc, org=4384a92c-df41-444b-b34d-6c80e7820486. Total connections: 2
2026-02-04 23:50:48 [INFO] app.core.websocket_manager: WebSocket disconnected: user=3454bfa2-aabe-4254-b89d-af29c98548fc, org=4384a92c-df41-444b-b34d-6c80e7820486. Total connections: 1
2026-02-04 23:50:48 [INFO] app.core.websocket_manager: WebSocket disconnected: user=3454bfa2-aabe-4254-b89d-af29c98548fc, org=4384a92c-df41-444b-b34d-6c80e7820486. Total connections: 0
2026-02-04 23:50:49 [INFO] app.core.websocket_manager: WebSocket connected: user=3454bfa2-aabe-4254-b89d-af29c98548fc, org=4384a92c-df41-444b-b34d-6c80e7820486. Total connections: 1
2026-02-04 23:50:49 [INFO] app.core.websocket_manager: WebSocket connected: user=3454bfa2-aabe-4254-b89d-af29c98548fc, org=4384a92c-df41-444b-b34d-6c80e7820486. Total connections: 2
2026-02-04 23:51:49 [INFO] app.core.websocket_manager: WebSocket disconnected: user=3454bfa2-aabe-4254-b89d-af29c98548fc, org=4384a92c-df41-444b-b34d-6c80e7820486. Total connections: 1
2026-02-04 23:51:49 [INFO] app.core.websocket_manager: WebSocket disconnected: user=3454bfa2-aabe-4254-b89d-af29c98548fc, org=4384a92c-df41-444b-b34d-6c80e7820486. Total connections: 0
2026-02-04 23:51:50 [INFO] app.core.websocket_manager: WebSocket connected: user=3454bfa2-aabe-4254-b89d-af29c98548fc, org=4384a92c-df41-444b-b34d-6c80e7820486. Total connections: 1
2026-02-04 23:51:50 [INFO] app.core.websocket_manager: WebSocket connected: user=3454bfa2-aabe-4254-b89d-af29c98548fc, org=4384a92c-df41-444b-b34d-6c80e7820486. Total connections: 2
2026-02-04 23:52:16 [INFO] httpx: HTTP Request: POST https://jxhbhzryzuzedqlxjrzj.supabase.co/storage/v1/object/list/production-files "HTTP/2 200 OK"
2026-02-04 23:52:16 [INFO] httpx: HTTP Request: POST https://jxhbhzryzuzedqlxjrzj.supabase.co/storage/v1/object/list/production-files "HTTP/2 200 OK"
2026-02-04 23:52:17 [INFO] httpx: HTTP Request: POST https://jxhbhzryzuzedqlxjrzj.supabase.co/storage/v1/object/list/production-files "HTTP/2 200 OK"
2026-02-04 23:52:47 [INFO] app.services.analytics: MTD Financial Metrics for org 4384a92c-df41-444b-b34d-6c80e7820486: Revenue: 2.7E+5, Expenses: 1E+4, Month: 2/2026
2026-02-04 23:52:47 [INFO] app.services.analytics: YTD Financial Metrics for org 4384a92c-df41-444b-b34d-6c80e7820486: Revenue: 395000, Expenses: 6E+4, Year: 2026
2026-02-04 23:53:00 [INFO] httpx: HTTP Request: POST https://jxhbhzryzuzedqlxjrzj.supabase.co/storage/v1/object/list/production-files "HTTP/2 200 OK"
2026-02-04 23:53:35 [INFO] httpx: HTTP Request: POST https://jxhbhzryzuzedqlxjrzj.supabase.co/storage/v1/object/list/production-files "HTTP/2 200 OK"
2026-02-04 23:53:36 [INFO] httpx: HTTP Request: POST https://jxhbhzryzuzedqlxjrzj.supabase.co/storage/v1/object/list/production-files "HTTP/2 200 OK"
2026-02-04 23:53:36 [INFO] httpx: HTTP Request: POST https://jxhbhzryzuzedqlxjrzj.supabase.co/storage/v1/object/list/production-files "HTTP/2 200 OK"
2026-02-05 00:01:58 [INFO] app.core.websocket_manager: WebSocket connected: user=3454bfa2-aabe-4254-b89d-af29c98548fc, org=4384a92c-df41-444b-b34d-6c80e7820486. Total connections: 3
2026-02-05 00:01:58 [INFO] app.core.websocket_manager: WebSocket connected: user=3454bfa2-aabe-4254-b89d-af29c98548fc, org=4384a92c-df41-444b-b34d-6c80e7820486. Total connections: 4
2026-02-05 00:02:24 [INFO] app.core.websocket_manager: WebSocket disconnected: user=3454bfa2-aabe-4254-b89d-af29c98548fc, org=4384a92c-df41-444b-b34d-6c80e7820486. Total connections: 3
2026-02-05 00:02:24 [INFO] app.core.websocket_manager: WebSocket disconnected: user=3454bfa2-aabe-4254-b89d-af29c98548fc, org=4384a92c-df41-444b-b34d-6c80e7820486. Total connections: 2
2026-02-05 00:02:24 [INFO] app.core.websocket_manager: WebSocket connected: user=3454bfa2-aabe-4254-b89d-af29c98548fc, org=4384a92c-df41-444b-b34d-6c80e7820486. Total connections: 3
2026-02-05 00:02:24 [INFO] app.core.websocket_manager: WebSocket connected: user=3454bfa2-aabe-4254-b89d-af29c98548fc, org=4384a92c-df41-444b-b34d-6c80e7820486. Total connections: 4
2026-02-05 00:03:57 [INFO] app.core.websocket_manager: WebSocket connected: user=3454bfa2-aabe-4254-b89d-af29c98548fc, org=4384a92c-df41-444b-b34d-6c80e7820486. Total connections: 5
2026-02-05 00:03:58 [INFO] app.core.websocket_manager: WebSocket connected: user=3454bfa2-aabe-4254-b89d-af29c98548fc, org=4384a92c-df41-444b-b34d-6c80e7820486. Total connections: 6
2026-02-05 00:07:00 [INFO] app.core.websocket_manager: WebSocket connected: user=3454bfa2-aabe-4254-b89d-af29c98548fc, org=4384a92c-df41-444b-b34d-6c80e7820486. Total connections: 7
2026-02-05 00:07:00 [INFO] app.core.websocket_manager: WebSocket connected: user=3454bfa2-aabe-4254-b89d-af29c98548fc, org=4384a92c-df41-444b-b34d-6c80e7820486. Total connections: 8
2026-02-05 00:07:02 [INFO] app.core.websocket_manager: WebSocket disconnected: user=3454bfa2-aabe-4254-b89d-af29c98548fc, org=4384a92c-df41-444b-b34d-6c80e7820486. Total connections: 7
2026-02-05 00:07:02 [INFO] app.core.websocket_manager: WebSocket disconnected: user=3454bfa2-aabe-4254-b89d-af29c98548fc, org=4384a92c-df41-444b-b34d-6c80e7820486. Total connections: 6
2026-02-05 00:07:03 [INFO] app.core.websocket_manager: WebSocket disconnected: user=3454bfa2-aabe-4254-b89d-af29c98548fc, org=4384a92c-df41-444b-b34d-6c80e7820486. Total connections: 5
2026-02-05 00:07:03 [INFO] app.core.websocket_manager: WebSocket disconnected: user=3454bfa2-aabe-4254-b89d-af29c98548fc, org=4384a92c-df41-444b-b34d-6c80e7820486. Total connections: 4
2026-02-05 00:07:03 [INFO] app.core.websocket_manager: WebSocket disconnected: user=3454bfa2-aabe-4254-b89d-af29c98548fc, org=4384a92c-df41-444b-b34d-6c80e7820486. Total connections: 3
2026-02-05 00:07:03 [INFO] app.core.websocket_manager: WebSocket disconnected: user=3454bfa2-aabe-4254-b89d-af29c98548fc, org=4384a92c-df41-444b-b34d-6c80e7820486. Total connections: 2
2026-02-05 00:08:43 [INFO] httpx: HTTP Request: POST https://jxhbhzryzuzedqlxjrzj.supabase.co/storage/v1/object/list/production-files "HTTP/2 200 OK"
2026-02-05 00:09:18 [INFO] httpx: HTTP Request: POST https://jxhbhzryzuzedqlxjrzj.supabase.co/storage/v1/object/list/production-files "HTTP/2 200 OK"
2026-02-05 00:11:55 [INFO] app.core.websocket_manager: WebSocket disconnected: user=3454bfa2-aabe-4254-b89d-af29c98548fc, org=4384a92c-df41-444b-b34d-6c80e7820486. Total connections: 1
2026-02-05 00:11:55 [INFO] app.core.websocket_manager: WebSocket disconnected: user=3454bfa2-aabe-4254-b89d-af29c98548fc, org=4384a92c-df41-444b-b34d-6c80e7820486. Total connections: 0
2026-02-05 00:11:55 [INFO] app.core.websocket_manager: WebSocket connected: user=3454bfa2-aabe-4254-b89d-af29c98548fc, org=4384a92c-df41-444b-b34d-6c80e7820486. Total connections: 1
2026-02-05 00:11:55 [INFO] app.core.websocket_manager: WebSocket connected: user=3454bfa2-aabe-4254-b89d-af29c98548fc, org=4384a92c-df41-444b-b34d-6c80e7820486. Total connections: 2
2026-02-05 00:17:22 [INFO] httpx: HTTP Request: POST https://jxhbhzryzuzedqlxjrzj.supabase.co/storage/v1/object/list/production-files "HTTP/2 200 OK"
2026-02-05 00:17:22 [INFO] httpx: HTTP Request: POST https://jxhbhzryzuzedqlxjrzj.supabase.co/storage/v1/object/list/production-files "HTTP/2 200 OK"
2026-02-05 00:17:23 [INFO] httpx: HTTP Request: POST https://jxhbhzryzuzedqlxjrzj.supabase.co/storage/v1/object/list/production-files "HTTP/2 200 OK"
