2026-02-04 16:04:08 [INFO] app: Logging configuration initialized
2026-02-04 16:13:07 [INFO] httpx: HTTP Request: POST https://jxhbhzryzuzedqlxjrzj.supabase.co/storage/v1/object/list/production-files "HTTP/2 200 OK"
2026-02-04 16:34:41 [INFO] httpx: HTTP Request: POST https://jxhbhzryzuzedqlxjrzj.supabase.co/storage/v1/object/list/production-files "HTTP/2 200 OK"
2026-02-04 16:34:57 [INFO] httpx: HTTP Request: POST https://jxhbhzryzuzedqlxjrzj.supabase.co/storage/v1/object/list/production-files "HTTP/2 200 OK"
2026-02-04 16:34:59 [WARNING] weasyprint: Ignored `print-color-adjust: exact ` at 476:9, unknown property.
2026-02-04 16:34:59 [WARNING] weasyprint: Ignored `color-adjust: exact ` at 477:9, unknown property.
2026-02-04 16:34:59 [WARNING] weasyprint: Ignored `print-color-adjust: exact ` at 487:9, unknown property.
2026-02-04 16:34:59 [WARNING] weasyprint: Ignored `color-adjust: exact ` at 488:9, unknown property.
2026-02-04 16:34:59 [WARNING] weasyprint: Ignored `print-color-adjust: exact ` at 476:9, unknown property.
2026-02-04 16:34:59 [WARNING] weasyprint: Ignored `color-adjust: exact ` at 477:9, unknown property.
2026-02-04 16:34:59 [WARNING] weasyprint: Ignored `print-color-adjust: exact ` at 487:9, unknown property.
2026-02-04 16:34:59 [WARNING] weasyprint: Ignored `color-adjust: exact ` at 488:9, unknown property.
2026-02-04 16:35:00 [INFO] app.services.proposal_pdf: Generated PDF for proposal 8df59fb7-1ea0-4d91-b1ea-41282aa183b6 (34536 bytes)
2026-02-04 16:35:00 [INFO] httpx: HTTP Request: POST https://jxhbhzryzuzedqlxjrzj.supabase.co/storage/v1/object/production-files/4384a92c-df41-444b-b34d-6c80e7820486/proposals/proposal_8df59fb7-1ea0-4d91-b1ea-41282aa183b6_d4b3693d.pdf "HTTP/2 200 OK"
2026-02-04 16:35:00 [INFO] httpx: HTTP Request: POST https://jxhbhzryzuzedqlxjrzj.supabase.co/storage/v1/object/sign/production-files/4384a92c-df41-444b-b34d-6c80e7820486/proposals/proposal_8df59fb7-1ea0-4d91-b1ea-41282aa183b6_d4b3693d.pdf "HTTP/2 200 OK"
2026-02-04 16:35:00 [INFO] app.services.proposal_pdf: Stored PDF for proposal 8df59fb7-1ea0-4d91-b1ea-41282aa183b6 at 4384a92c-df41-444b-b34d-6c80e7820486/proposals/proposal_8df59fb7-1ea0-4d91-b1ea-41282aa183b6_d4b3693d.pdf (version 1)
2026-02-04 16:35:02 [INFO] httpx: HTTP Request: POST https://jxhbhzryzuzedqlxjrzj.supabase.co/storage/v1/object/sign/production-files/4384a92c-df41-444b-b34d-6c80e7820486/proposals/proposal_8df59fb7-1ea0-4d91-b1ea-41282aa183b6_d4b3693d.pdf "HTTP/2 200 OK"
2026-02-04 16:35:29 [INFO] httpx: HTTP Request: POST https://jxhbhzryzuzedqlxjrzj.supabase.co/storage/v1/object/list/production-files "HTTP/2 200 OK"
2026-02-04 16:35:29 [INFO] httpx: HTTP Request: DELETE https://jxhbhzryzuzedqlxjrzj.supabase.co/storage/v1/object/production-files "HTTP/2 200 OK"
2026-02-04 16:35:30 [INFO] httpx: HTTP Request: POST https://jxhbhzryzuzedqlxjrzj.supabase.co/storage/v1/object/list/production-files "HTTP/2 200 OK"
2026-02-04 16:35:31 [INFO] httpx: HTTP Request: DELETE https://jxhbhzryzuzedqlxjrzj.supabase.co/storage/v1/object/production-files "HTTP/2 200 OK"
2026-02-04 16:35:32 [INFO] httpx: HTTP Request: POST https://jxhbhzryzuzedqlxjrzj.supabase.co/storage/v1/object/list/production-files "HTTP/2 200 OK"
2026-02-04 16:35:32 [INFO] httpx: HTTP Request: DELETE https://jxhbhzryzuzedqlxjrzj.supabase.co/storage/v1/object/production-files "HTTP/2 200 OK"
2026-02-04 16:36:21 [INFO] httpx: HTTP Request: POST https://jxhbhzryzuzedqlxjrzj.supabase.co/storage/v1/object/list/production-files "HTTP/2 200 OK"
