2026-02-05 01:30:53 [INFO] app: Logging configuration initialized
2026-02-05 01:30:54 [INFO] app.core.websocket_manager: WebSocket connected: user=3454bfa2-aabe-4254-b89d-af29c98548fc, org=4384a92c-df41-444b-b34d-6c80e7820486. Total connections: 1
2026-02-05 01:31:25 [INFO] app.core.websocket_manager: WebSocket disconnected: user=3454bfa2-aabe-4254-b89d-af29c98548fc, org=4384a92c-df41-444b-b34d-6c80e7820486. Total connections: 0
2026-02-05 01:31:26 [INFO] app.core.websocket_manager: WebSocket connected: user=3454bfa2-aabe-4254-b89d-af29c98548fc, org=4384a92c-df41-444b-b34d-6c80e7820486. Total connections: 1
2026-02-05 01:31:26 [INFO] app.core.websocket_manager: WebSocket connected: user=3454bfa2-aabe-4254-b89d-af29c98548fc, org=4384a92c-df41-444b-b34d-6c80e7820486. Total connections: 2
2026-02-05 01:33:07 [INFO] app.core.websocket_manager: WebSocket disconnected: user=3454bfa2-aabe-4254-b89d-af29c98548fc, org=4384a92c-df41-444b-b34d-6c80e7820486. Total connections: 1
2026-02-05 01:33:07 [INFO] app.core.websocket_manager: WebSocket disconnected: user=3454bfa2-aabe-4254-b89d-af29c98548fc, org=4384a92c-df41-444b-b34d-6c80e7820486. Total connections: 0
2026-02-05 01:33:07 [INFO] app.core.websocket_manager: WebSocket connected: user=3454bfa2-aabe-4254-b89d-af29c98548fc, org=4384a92c-df41-444b-b34d-6c80e7820486. Total connections: 1
2026-02-05 01:33:07 [INFO] app.core.websocket_manager: WebSocket connected: user=3454bfa2-aabe-4254-b89d-af29c98548fc, org=4384a92c-df41-444b-b34d-6c80e7820486. Total connections: 2
2026-02-05 01:33:13 [INFO] app.core.websocket_manager: WebSocket disconnected: user=3454bfa2-aabe-4254-b89d-af29c98548fc, org=4384a92c-df41-444b-b34d-6c80e7820486. Total connections: 1
2026-02-05 01:33:13 [INFO] app.core.websocket_manager: WebSocket disconnected: user=3454bfa2-aabe-4254-b89d-af29c98548fc, org=4384a92c-df41-444b-b34d-6c80e7820486. Total connections: 0
2026-02-05 01:33:14 [INFO] app.core.websocket_manager: WebSocket connected: user=3454bfa2-aabe-4254-b89d-af29c98548fc, org=4384a92c-df41-444b-b34d-6c80e7820486. Total connections: 1
2026-02-05 01:33:14 [INFO] app.core.websocket_manager: WebSocket connected: user=3454bfa2-aabe-4254-b89d-af29c98548fc, org=4384a92c-df41-444b-b34d-6c80e7820486. Total connections: 2
2026-02-05 01:33:18 [INFO] app.core.websocket_manager: WebSocket disconnected: user=3454bfa2-aabe-4254-b89d-af29c98548fc, org=4384a92c-df41-444b-b34d-6c80e7820486. Total connections: 1
2026-02-05 01:33:18 [INFO] app.core.websocket_manager: WebSocket disconnected: user=3454bfa2-aabe-4254-b89d-af29c98548fc, org=4384a92c-df41-444b-b34d-6c80e7820486. Total connections: 0
2026-02-05 01:33:18 [INFO] app.core.websocket_manager: WebSocket connected: user=3454bfa2-aabe-4254-b89d-af29c98548fc, org=4384a92c-df41-444b-b34d-6c80e7820486. Total connections: 1
2026-02-05 01:33:18 [INFO] app.core.websocket_manager: WebSocket connected: user=3454bfa2-aabe-4254-b89d-af29c98548fc, org=4384a92c-df41-444b-b34d-6c80e7820486. Total connections: 2
2026-02-05 01:33:25 [INFO] app.core.websocket_manager: WebSocket disconnected: user=3454bfa2-aabe-4254-b89d-af29c98548fc, org=4384a92c-df41-444b-b34d-6c80e7820486. Total connections: 1
2026-02-05 01:33:25 [INFO] app.core.websocket_manager: WebSocket disconnected: user=3454bfa2-aabe-4254-b89d-af29c98548fc, org=4384a92c-df41-444b-b34d-6c80e7820486. Total connections: 0
2026-02-05 01:33:25 [INFO] app.core.websocket_manager: WebSocket connected: user=3454bfa2-aabe-4254-b89d-af29c98548fc, org=4384a92c-df41-444b-b34d-6c80e7820486. Total connections: 1
2026-02-05 01:33:26 [INFO] app.core.websocket_manager: WebSocket connected: user=3454bfa2-aabe-4254-b89d-af29c98548fc, org=4384a92c-df41-444b-b34d-6c80e7820486. Total connections: 2
2026-02-05 01:33:30 [INFO] app.services.analytics: MTD Financial Metrics for org 4384a92c-df41-444b-b34d-6c80e7820486: Revenue: 2.7E+5, Expenses: 1E+4, Month: 2/2026
2026-02-05 01:33:30 [INFO] app.services.analytics: YTD Financial Metrics for org 4384a92c-df41-444b-b34d-6c80e7820486: Revenue: 395000, Expenses: 6E+4, Year: 2026
2026-02-05 01:33:35 [INFO] httpx: HTTP Request: POST https://jxhbhzryzuzedqlxjrzj.supabase.co/storage/v1/object/list/production-files "HTTP/2 200 OK"
2026-02-05 01:33:35 [INFO] httpx: HTTP Request: POST https://jxhbhzryzuzedqlxjrzj.supabase.co/storage/v1/object/list/production-files "HTTP/2 200 OK"
2026-02-05 01:33:35 [INFO] httpx: HTTP Request: POST https://jxhbhzryzuzedqlxjrzj.supabase.co/storage/v1/object/list/production-files "HTTP/2 200 OK"
2026-02-05 01:42:32 [INFO] app.core.websocket_manager: WebSocket connected: user=3454bfa2-aabe-4254-b89d-af29c98548fc, org=4384a92c-df41-444b-b34d-6c80e7820486. Total connections: 3
2026-02-05 01:42:33 [INFO] app.core.websocket_manager: WebSocket connected: user=3454bfa2-aabe-4254-b89d-af29c98548fc, org=4384a92c-df41-444b-b34d-6c80e7820486. Total connections: 4
2026-02-05 01:42:44 [INFO] app.core.websocket_manager: WebSocket disconnected: user=3454bfa2-aabe-4254-b89d-af29c98548fc, org=4384a92c-df41-444b-b34d-6c80e7820486. Total connections: 3
2026-02-05 01:42:44 [INFO] app.core.websocket_manager: WebSocket disconnected: user=3454bfa2-aabe-4254-b89d-af29c98548fc, org=4384a92c-df41-444b-b34d-6c80e7820486. Total connections: 2
2026-02-05 01:42:46 [INFO] app.core.websocket_manager: WebSocket disconnected: user=3454bfa2-aabe-4254-b89d-af29c98548fc, org=4384a92c-df41-444b-b34d-6c80e7820486. Total connections: 1
2026-02-05 01:42:46 [INFO] app.core.websocket_manager: WebSocket disconnected: user=3454bfa2-aabe-4254-b89d-af29c98548fc, org=4384a92c-df41-444b-b34d-6c80e7820486. Total connections: 0
2026-02-05 01:42:46 [INFO] app.core.websocket_manager: WebSocket connected: user=3454bfa2-aabe-4254-b89d-af29c98548fc, org=4384a92c-df41-444b-b34d-6c80e7820486. Total connections: 1
2026-02-05 01:42:46 [INFO] app.core.websocket_manager: WebSocket connected: user=3454bfa2-aabe-4254-b89d-af29c98548fc, org=4384a92c-df41-444b-b34d-6c80e7820486. Total connections: 2
2026-02-05 01:43:40 [INFO] httpx: HTTP Request: POST https://jxhbhzryzuzedqlxjrzj.supabase.co/storage/v1/object/list/production-files "HTTP/2 200 OK"
2026-02-05 01:43:40 [INFO] httpx: HTTP Request: POST https://jxhbhzryzuzedqlxjrzj.supabase.co/storage/v1/object/list/production-files "HTTP/2 200 OK"
2026-02-05 01:43:40 [INFO] httpx: HTTP Request: POST https://jxhbhzryzuzedqlxjrzj.supabase.co/storage/v1/object/list/production-files "HTTP/2 200 OK"
2026-02-05 01:51:16 [INFO] app.core.websocket_manager: WebSocket disconnected: user=3454bfa2-aabe-4254-b89d-af29c98548fc, org=4384a92c-df41-444b-b34d-6c80e7820486. Total connections: 1
2026-02-05 01:51:16 [INFO] app.core.websocket_manager: WebSocket disconnected: user=3454bfa2-aabe-4254-b89d-af29c98548fc, org=4384a92c-df41-444b-b34d-6c80e7820486. Total connections: 0
2026-02-05 01:51:16 [INFO] app.core.websocket_manager: WebSocket connected: user=3454bfa2-aabe-4254-b89d-af29c98548fc, org=4384a92c-df41-444b-b34d-6c80e7820486. Total connections: 1
2026-02-05 01:51:16 [INFO] app.core.websocket_manager: WebSocket connected: user=3454bfa2-aabe-4254-b89d-af29c98548fc, org=4384a92c-df41-444b-b34d-6c80e7820486. Total connections: 2
2026-02-05 01:52:25 [INFO] httpx: HTTP Request: POST https://jxhbhzryzuzedqlxjrzj.supabase.co/storage/v1/object/list/production-files "HTTP/2 200 OK"
2026-02-05 01:52:25 [INFO] httpx: HTTP Request: POST https://jxhbhzryzuzedqlxjrzj.supabase.co/storage/v1/object/list/production-files "HTTP/2 200 OK"
2026-02-05 01:52:26 [INFO] httpx: HTTP Request: POST https://jxhbhzryzuzedqlxjrzj.supabase.co/storage/v1/object/list/production-files "HTTP/2 200 OK"
2026-02-05 01:54:17 [INFO] httpx: HTTP Request: POST https://jxhbhzryzuzedqlxjrzj.supabase.co/storage/v1/object/list/production-files "HTTP/2 200 OK"
2026-02-05 01:54:17 [INFO] httpx: HTTP Request: POST https://jxhbhzryzuzedqlxjrzj.supabase.co/storage/v1/object/list/production-files "HTTP/2 200 OK"
2026-02-05 01:54:18 [INFO] httpx: HTTP Request: POST https://jxhbhzryzuzedqlxjrzj.supabase.co/storage/v1/object/list/production-files "HTTP/2 200 OK"
2026-02-05 01:55:24 [INFO] httpx: HTTP Request: POST https://jxhbhzryzuzedqlxjrzj.supabase.co/storage/v1/object/list/production-files "HTTP/2 200 OK"
2026-02-05 01:59:33 [INFO] httpx: HTTP Request: POST https://jxhbhzryzuzedqlxjrzj.supabase.co/storage/v1/object/list/production-files "HTTP/2 200 OK"
2026-02-05 02:01:44 [INFO] httpx: HTTP Request: POST https://jxhbhzryzuzedqlxjrzj.supabase.co/storage/v1/object/list/production-files "HTTP/2 200 OK"
2026-02-05 02:03:42 [INFO] httpx: HTTP Request: POST https://jxhbhzryzuzedqlxjrzj.supabase.co/storage/v1/object/list/production-files "HTTP/2 200 OK"
2026-02-05 02:09:46 [INFO] httpx: HTTP Request: POST https://jxhbhzryzuzedqlxjrzj.supabase.co/storage/v1/object/list/production-files "HTTP/2 200 OK"
2026-02-05 02:11:49 [INFO] httpx: HTTP Request: POST https://jxhbhzryzuzedqlxjrzj.supabase.co/storage/v1/object/list/production-files "HTTP/2 200 OK"
2026-02-05 02:11:49 [INFO] httpx: HTTP Request: POST https://jxhbhzryzuzedqlxjrzj.supabase.co/storage/v1/object/list/production-files "HTTP/2 200 OK"
2026-02-05 02:11:49 [INFO] httpx: HTTP Request: POST https://jxhbhzryzuzedqlxjrzj.supabase.co/storage/v1/object/list/production-files "HTTP/2 200 OK"
2026-02-05 02:23:08 [INFO] app.core.websocket_manager: WebSocket disconnected: user=3454bfa2-aabe-4254-b89d-af29c98548fc, org=4384a92c-df41-444b-b34d-6c80e7820486. Total connections: 1
2026-02-05 02:23:08 [INFO] app.core.websocket_manager: WebSocket disconnected: user=3454bfa2-aabe-4254-b89d-af29c98548fc, org=4384a92c-df41-444b-b34d-6c80e7820486. Total connections: 0
