2026-02-01 20:00:35 [INFO] app: Logging configuration initialized
2026-02-01 20:00:58 [ERROR] app.api.deps: Missing credentials. URL: http://127.0.0.1:8000/api/v1/proposals/?organization_id=4384a92c-df41-444b-b34d-6c80e7820486
2026-02-01 20:00:58 [WARNING] app.api.deps: No Authorization header found.
2026-02-01 20:10:00 [INFO] httpx: HTTP Request: POST https://jxhbhzryzuzedqlxjrzj.supabase.co/storage/v1/object/list/production-files "HTTP/2 200 OK"
2026-02-01 20:16:37 [INFO] app.services.analytics: MTD Financial Metrics for org 4384a92c-df41-444b-b34d-6c80e7820486: Revenue: 0, Expenses: 0, Date range: 2026-02-01 to 2026-02-01
2026-02-01 20:16:37 [INFO] app.services.analytics: YTD Financial Metrics for org 4384a92c-df41-444b-b34d-6c80e7820486: Revenue: 125000, Expenses: 5E+4, Date range: 2026-01-01 to 2026-02-01
2026-02-01 20:18:43 [INFO] httpx: HTTP Request: POST https://jxhbhzryzuzedqlxjrzj.supabase.co/storage/v1/object/list/production-files "HTTP/2 200 OK"
2026-02-01 20:18:51 [INFO] httpx: HTTP Request: POST https://jxhbhzryzuzedqlxjrzj.supabase.co/storage/v1/object/list/production-files "HTTP/2 200 OK"
2026-02-01 20:18:52 [INFO] httpx: HTTP Request: POST https://jxhbhzryzuzedqlxjrzj.supabase.co/storage/v1/object/list/production-files "HTTP/2 200 OK"
2026-02-01 20:18:52 [INFO] httpx: HTTP Request: POST https://jxhbhzryzuzedqlxjrzj.supabase.co/storage/v1/object/list/production-files "HTTP/2 200 OK"
2026-02-01 20:20:37 [INFO] httpx: HTTP Request: POST https://jxhbhzryzuzedqlxjrzj.supabase.co/storage/v1/object/list/production-files "HTTP/2 200 OK"
2026-02-01 20:20:37 [INFO] httpx: HTTP Request: POST https://jxhbhzryzuzedqlxjrzj.supabase.co/storage/v1/object/list/production-files "HTTP/2 200 OK"
2026-02-01 20:20:37 [INFO] httpx: HTTP Request: POST https://jxhbhzryzuzedqlxjrzj.supabase.co/storage/v1/object/list/production-files "HTTP/2 200 OK"
2026-02-01 20:20:56 [INFO] httpx: HTTP Request: POST https://jxhbhzryzuzedqlxjrzj.supabase.co/storage/v1/object/list/production-files "HTTP/2 200 OK"
2026-02-01 20:20:56 [INFO] httpx: HTTP Request: DELETE https://jxhbhzryzuzedqlxjrzj.supabase.co/storage/v1/object/production-files "HTTP/2 200 OK"
2026-02-01 20:20:58 [INFO] httpx: HTTP Request: POST https://jxhbhzryzuzedqlxjrzj.supabase.co/storage/v1/object/list/production-files "HTTP/2 200 OK"
2026-02-01 20:20:58 [INFO] httpx: HTTP Request: DELETE https://jxhbhzryzuzedqlxjrzj.supabase.co/storage/v1/object/production-files "HTTP/2 200 OK"
2026-02-01 20:21:00 [INFO] httpx: HTTP Request: POST https://jxhbhzryzuzedqlxjrzj.supabase.co/storage/v1/object/list/production-files "HTTP/2 200 OK"
2026-02-01 20:21:00 [INFO] httpx: HTTP Request: DELETE https://jxhbhzryzuzedqlxjrzj.supabase.co/storage/v1/object/production-files "HTTP/2 200 OK"
2026-02-01 20:21:02 [INFO] httpx: HTTP Request: POST https://jxhbhzryzuzedqlxjrzj.supabase.co/storage/v1/object/list/production-files "HTTP/2 200 OK"
2026-02-01 20:21:02 [INFO] httpx: HTTP Request: DELETE https://jxhbhzryzuzedqlxjrzj.supabase.co/storage/v1/object/production-files "HTTP/2 200 OK"
