2026-02-04 15:29:32 [INFO] app: Logging configuration initialized
2026-02-04 15:31:00 [INFO] httpx: HTTP Request: POST https://jxhbhzryzuzedqlxjrzj.supabase.co/storage/v1/object/list/production-files "HTTP/2 200 OK"
2026-02-04 15:31:02 [WARNING] weasyprint: Ignored `print-color-adjust: exact` at 383:9, unknown property.
2026-02-04 15:31:02 [WARNING] weasyprint: Ignored `print-color-adjust: exact` at 390:9, unknown property.
2026-02-04 15:31:02 [WARNING] weasyprint: Ignored `print-color-adjust: exact` at 383:9, unknown property.
2026-02-04 15:31:02 [WARNING] weasyprint: Ignored `print-color-adjust: exact` at 390:9, unknown property.
2026-02-04 15:31:02 [INFO] app.services.proposal_pdf: Generated PDF for proposal b52c705f-d8a3-4d90-a4b2-72c69556c95b (36919 bytes)
2026-02-04 15:31:02 [INFO] httpx: HTTP Request: POST https://jxhbhzryzuzedqlxjrzj.supabase.co/storage/v1/object/production-files/4384a92c-df41-444b-b34d-6c80e7820486/proposals/proposal_b52c705f-d8a3-4d90-a4b2-72c69556c95b_45573206.pdf "HTTP/2 200 OK"
2026-02-04 15:31:03 [INFO] httpx: HTTP Request: POST https://jxhbhzryzuzedqlxjrzj.supabase.co/storage/v1/object/sign/production-files/4384a92c-df41-444b-b34d-6c80e7820486/proposals/proposal_b52c705f-d8a3-4d90-a4b2-72c69556c95b_45573206.pdf "HTTP/2 200 OK"
2026-02-04 15:31:03 [INFO] app.services.proposal_pdf: Stored PDF for proposal b52c705f-d8a3-4d90-a4b2-72c69556c95b at 4384a92c-df41-444b-b34d-6c80e7820486/proposals/proposal_b52c705f-d8a3-4d90-a4b2-72c69556c95b_45573206.pdf (version 1)
2026-02-04 15:31:04 [INFO] httpx: HTTP Request: POST https://jxhbhzryzuzedqlxjrzj.supabase.co/storage/v1/object/sign/production-files/4384a92c-df41-444b-b34d-6c80e7820486/proposals/proposal_b52c705f-d8a3-4d90-a4b2-72c69556c95b_45573206.pdf "HTTP/2 200 OK"
2026-02-04 15:31:38 [INFO] httpx: HTTP Request: POST https://jxhbhzryzuzedqlxjrzj.supabase.co/storage/v1/object/list/production-files "HTTP/2 200 OK"
2026-02-04 15:31:41 [INFO] httpx: HTTP Request: POST https://jxhbhzryzuzedqlxjrzj.supabase.co/storage/v1/object/list/production-files "HTTP/2 200 OK"
2026-02-04 15:32:19 [WARNING] weasyprint: Ignored `print-color-adjust: exact` at 383:9, unknown property.
2026-02-04 15:32:19 [WARNING] weasyprint: Ignored `print-color-adjust: exact` at 390:9, unknown property.
2026-02-04 15:32:19 [WARNING] weasyprint: Ignored `print-color-adjust: exact` at 383:9, unknown property.
2026-02-04 15:32:19 [WARNING] weasyprint: Ignored `print-color-adjust: exact` at 390:9, unknown property.
2026-02-04 15:32:20 [INFO] app.services.proposal_pdf: Generated PDF for proposal b52c705f-d8a3-4d90-a4b2-72c69556c95b (36919 bytes)
2026-02-04 15:32:20 [INFO] httpx: HTTP Request: POST https://jxhbhzryzuzedqlxjrzj.supabase.co/storage/v1/object/production-files/4384a92c-df41-444b-b34d-6c80e7820486/proposals/proposal_b52c705f-d8a3-4d90-a4b2-72c69556c95b_2f50dada.pdf "HTTP/2 200 OK"
2026-02-04 15:32:20 [INFO] httpx: HTTP Request: POST https://jxhbhzryzuzedqlxjrzj.supabase.co/storage/v1/object/sign/production-files/4384a92c-df41-444b-b34d-6c80e7820486/proposals/proposal_b52c705f-d8a3-4d90-a4b2-72c69556c95b_2f50dada.pdf "HTTP/2 200 OK"
2026-02-04 15:32:20 [INFO] app.services.proposal_pdf: Stored PDF for proposal b52c705f-d8a3-4d90-a4b2-72c69556c95b at 4384a92c-df41-444b-b34d-6c80e7820486/proposals/proposal_b52c705f-d8a3-4d90-a4b2-72c69556c95b_2f50dada.pdf (version 2)
2026-02-04 15:34:58 [INFO] httpx: HTTP Request: POST https://jxhbhzryzuzedqlxjrzj.supabase.co/storage/v1/object/list/production-files "HTTP/2 200 OK"
2026-02-04 15:34:58 [WARNING] weasyprint: Ignored `print-color-adjust: exact ` at 476:9, unknown property.
2026-02-04 15:34:58 [WARNING] weasyprint: Ignored `color-adjust: exact ` at 477:9, unknown property.
2026-02-04 15:34:58 [WARNING] weasyprint: Ignored `print-color-adjust: exact ` at 487:9, unknown property.
2026-02-04 15:34:58 [WARNING] weasyprint: Ignored `color-adjust: exact ` at 488:9, unknown property.
2026-02-04 15:34:58 [WARNING] weasyprint: Ignored `print-color-adjust: exact ` at 476:9, unknown property.
2026-02-04 15:34:58 [WARNING] weasyprint: Ignored `color-adjust: exact ` at 477:9, unknown property.
2026-02-04 15:34:58 [WARNING] weasyprint: Ignored `print-color-adjust: exact ` at 487:9, unknown property.
2026-02-04 15:34:58 [WARNING] weasyprint: Ignored `color-adjust: exact ` at 488:9, unknown property.
2026-02-04 15:34:59 [INFO] app.services.proposal_pdf: Generated PDF for proposal b52c705f-d8a3-4d90-a4b2-72c69556c95b (37265 bytes)
2026-02-04 15:34:59 [INFO] httpx: HTTP Request: POST https://jxhbhzryzuzedqlxjrzj.supabase.co/storage/v1/object/production-files/4384a92c-df41-444b-b34d-6c80e7820486/proposals/proposal_b52c705f-d8a3-4d90-a4b2-72c69556c95b_d690ba00.pdf "HTTP/2 200 OK"
2026-02-04 15:34:59 [INFO] httpx: HTTP Request: POST https://jxhbhzryzuzedqlxjrzj.supabase.co/storage/v1/object/sign/production-files/4384a92c-df41-444b-b34d-6c80e7820486/proposals/proposal_b52c705f-d8a3-4d90-a4b2-72c69556c95b_d690ba00.pdf "HTTP/2 200 OK"
2026-02-04 15:34:59 [INFO] app.services.proposal_pdf: Stored PDF for proposal b52c705f-d8a3-4d90-a4b2-72c69556c95b at 4384a92c-df41-444b-b34d-6c80e7820486/proposals/proposal_b52c705f-d8a3-4d90-a4b2-72c69556c95b_d690ba00.pdf (version 3)
2026-02-04 15:35:00 [INFO] httpx: HTTP Request: POST https://jxhbhzryzuzedqlxjrzj.supabase.co/storage/v1/object/sign/production-files/4384a92c-df41-444b-b34d-6c80e7820486/proposals/proposal_b52c705f-d8a3-4d90-a4b2-72c69556c95b_d690ba00.pdf "HTTP/2 200 OK"
