2026-01-31 11:41:58 [INFO] app: Logging configuration initialized
2026-01-31 11:42:09 [INFO] stripe: message='Request to Stripe api' method=get url=https://api.stripe.com/v1/subscriptions/sub_1SvWXMQBou9YDSD2uOJZZWKT
2026-01-31 11:42:09 [INFO] stripe: message='Stripe API response' path=https://api.stripe.com/v1/subscriptions/sub_1SvWXMQBou9YDSD2uOJZZWKT response_code=200
2026-01-31 11:42:11 [INFO] stripe: message='Request to Stripe api' method=get url=https://api.stripe.com/v1/subscriptions/sub_1SvWXMQBou9YDSD2uOJZZWKT
2026-01-31 11:42:12 [INFO] stripe: message='Stripe API response' path=https://api.stripe.com/v1/subscriptions/sub_1SvWXMQBou9YDSD2uOJZZWKT response_code=200
2026-01-31 11:42:13 [INFO] stripe: message='Request to Stripe api' method=get url=https://api.stripe.com/v1/subscriptions/sub_1SvWXMQBou9YDSD2uOJZZWKT
2026-01-31 11:42:14 [INFO] stripe: message='Stripe API response' path=https://api.stripe.com/v1/subscriptions/sub_1SvWXMQBou9YDSD2uOJZZWKT response_code=200
2026-01-31 11:42:14 [INFO] stripe: message='Request to Stripe api' method=get url=https://api.stripe.com/v1/subscriptions/sub_1SvWXMQBou9YDSD2uOJZZWKT
2026-01-31 11:42:15 [INFO] stripe: message='Stripe API response' path=https://api.stripe.com/v1/subscriptions/sub_1SvWXMQBou9YDSD2uOJZZWKT response_code=200
2026-01-31 11:42:17 [INFO] app.services.analytics: MTD Financial Metrics for org b5529827-b215-4bfa-9a4f-d03d521ba1ea: Revenue: 0, Expenses: 0, Date range: 2026-01-01 to 2026-01-31
2026-01-31 11:42:17 [INFO] app.services.analytics: YTD Financial Metrics for org b5529827-b215-4bfa-9a4f-d03d521ba1ea: Revenue: 0, Expenses: 0, Date range: 2026-01-01 to 2026-01-31
2026-01-31 12:25:04 [INFO] app.services.analytics: MTD Financial Metrics for org 4384a92c-df41-444b-b34d-6c80e7820486: Revenue: 125000, Expenses: 5E+4, Date range: 2026-01-01 to 2026-01-31
2026-01-31 12:25:04 [INFO] app.services.analytics: YTD Financial Metrics for org 4384a92c-df41-444b-b34d-6c80e7820486: Revenue: 125000, Expenses: 5E+4, Date range: 2026-01-01 to 2026-01-31
2026-01-31 12:29:58 [INFO] httpx: HTTP Request: POST https://jxhbhzryzuzedqlxjrzj.supabase.co/storage/v1/object/list/production-files "HTTP/2 200 OK"
2026-01-31 12:29:58 [INFO] httpx: HTTP Request: POST https://jxhbhzryzuzedqlxjrzj.supabase.co/storage/v1/object/list/production-files "HTTP/2 200 OK"
2026-01-31 12:29:58 [INFO] httpx: HTTP Request: POST https://jxhbhzryzuzedqlxjrzj.supabase.co/storage/v1/object/list/production-files "HTTP/2 200 OK"
2026-01-31 12:30:13 [INFO] app.services.analytics: MTD Financial Metrics for org 4384a92c-df41-444b-b34d-6c80e7820486: Revenue: 125000, Expenses: 5E+4, Date range: 2026-01-01 to 2026-01-31
2026-01-31 12:30:13 [INFO] app.services.analytics: YTD Financial Metrics for org 4384a92c-df41-444b-b34d-6c80e7820486: Revenue: 125000, Expenses: 5E+4, Date range: 2026-01-01 to 2026-01-31
2026-01-31 12:30:16 [INFO] app.services.analytics: MTD Financial Metrics for org 4384a92c-df41-444b-b34d-6c80e7820486: Revenue: 125000, Expenses: 5E+4, Date range: 2026-01-01 to 2026-01-31
2026-01-31 12:30:16 [INFO] app.services.analytics: YTD Financial Metrics for org 4384a92c-df41-444b-b34d-6c80e7820486: Revenue: 125000, Expenses: 5E+4, Date range: 2026-01-01 to 2026-01-31
2026-01-31 12:30:33 [INFO] httpx: HTTP Request: POST https://jxhbhzryzuzedqlxjrzj.supabase.co/storage/v1/object/list/production-files "HTTP/2 200 OK"
2026-01-31 12:30:33 [INFO] httpx: HTTP Request: POST https://jxhbhzryzuzedqlxjrzj.supabase.co/storage/v1/object/list/production-files "HTTP/2 200 OK"
2026-01-31 12:30:33 [INFO] httpx: HTTP Request: POST https://jxhbhzryzuzedqlxjrzj.supabase.co/storage/v1/object/list/production-files "HTTP/2 200 OK"
2026-01-31 12:31:26 [INFO] httpx: HTTP Request: POST https://jxhbhzryzuzedqlxjrzj.supabase.co/storage/v1/object/list/production-files "HTTP/2 200 OK"
2026-01-31 12:31:26 [INFO] httpx: HTTP Request: POST https://jxhbhzryzuzedqlxjrzj.supabase.co/storage/v1/object/list/production-files "HTTP/2 200 OK"
2026-01-31 12:31:26 [INFO] httpx: HTTP Request: POST https://jxhbhzryzuzedqlxjrzj.supabase.co/storage/v1/object/list/production-files "HTTP/2 200 OK"
2026-01-31 12:31:47 [INFO] httpx: HTTP Request: POST https://jxhbhzryzuzedqlxjrzj.supabase.co/storage/v1/object/list/production-files "HTTP/2 200 OK"
2026-01-31 12:31:47 [INFO] httpx: HTTP Request: POST https://jxhbhzryzuzedqlxjrzj.supabase.co/storage/v1/object/list/production-files "HTTP/2 200 OK"
2026-01-31 12:31:47 [INFO] httpx: HTTP Request: POST https://jxhbhzryzuzedqlxjrzj.supabase.co/storage/v1/object/list/production-files "HTTP/2 200 OK"
2026-01-31 12:32:21 [INFO] app.services.analytics: MTD Financial Metrics for org 4384a92c-df41-444b-b34d-6c80e7820486: Revenue: 125000, Expenses: 5E+4, Date range: 2026-01-01 to 2026-01-31
2026-01-31 12:32:21 [INFO] app.services.analytics: YTD Financial Metrics for org 4384a92c-df41-444b-b34d-6c80e7820486: Revenue: 125000, Expenses: 5E+4, Date range: 2026-01-01 to 2026-01-31
