2026-02-05 12:37:09 [INFO] app: Logging configuration initialized
2026-02-05 12:37:09 [INFO] app.main: CORS configured for 9 origin(s) in development environment
2026-02-05 12:37:09 [INFO] app.main: CORS origins: http://localhost:3000, https://safetasks.vercel.app, http://127.0.0.1:3000, http://localhost:3001, http://127.0.0.1:3001, http://localhost:5173, http://127.0.0.1:5173, http://192.168.15.3:3000, http://192.168.15.11:3000
2026-02-05 12:37:09 [INFO] app.core.websocket_manager: WebSocket connected: user=3454bfa2-aabe-4254-b89d-af29c98548fc, org=4384a92c-df41-444b-b34d-6c80e7820486. Total connections: 1
2026-02-05 12:41:49 [INFO] app.core.websocket_manager: WebSocket disconnected: user=3454bfa2-aabe-4254-b89d-af29c98548fc, org=4384a92c-df41-444b-b34d-6c80e7820486. Total connections: 0
2026-02-05 12:41:50 [INFO] app.core.websocket_manager: WebSocket connected: user=3454bfa2-aabe-4254-b89d-af29c98548fc, org=4384a92c-df41-444b-b34d-6c80e7820486. Total connections: 1
2026-02-05 12:41:50 [INFO] app.core.websocket_manager: WebSocket connected: user=3454bfa2-aabe-4254-b89d-af29c98548fc, org=4384a92c-df41-444b-b34d-6c80e7820486. Total connections: 2
2026-02-05 12:56:35 [INFO] app.services.analytics: MTD Financial Metrics for org 4384a92c-df41-444b-b34d-6c80e7820486: Revenue: 0, Expenses: 39600, Month: 2/2026
2026-02-05 12:56:35 [INFO] app.services.analytics: YTD Financial Metrics for org 4384a92c-df41-444b-b34d-6c80e7820486: Revenue: 125000, Expenses: 89600, Year: 2026
2026-02-05 12:57:29 [INFO] app.core.websocket_manager: WebSocket disconnected: user=3454bfa2-aabe-4254-b89d-af29c98548fc, org=4384a92c-df41-444b-b34d-6c80e7820486. Total connections: 1
2026-02-05 12:57:29 [INFO] app.core.websocket_manager: WebSocket disconnected: user=3454bfa2-aabe-4254-b89d-af29c98548fc, org=4384a92c-df41-444b-b34d-6c80e7820486. Total connections: 0
2026-02-05 12:57:29 [INFO] app.services.analytics: MTD Financial Metrics for org 4384a92c-df41-444b-b34d-6c80e7820486: Revenue: 0, Expenses: 39600, Month: 2/2026
2026-02-05 12:57:29 [INFO] app.services.analytics: YTD Financial Metrics for org 4384a92c-df41-444b-b34d-6c80e7820486: Revenue: 125000, Expenses: 89600, Year: 2026
2026-02-05 12:57:29 [INFO] app.core.websocket_manager: WebSocket connected: user=3454bfa2-aabe-4254-b89d-af29c98548fc, org=4384a92c-df41-444b-b34d-6c80e7820486. Total connections: 1
2026-02-05 12:57:30 [INFO] app.core.websocket_manager: WebSocket connected: user=3454bfa2-aabe-4254-b89d-af29c98548fc, org=4384a92c-df41-444b-b34d-6c80e7820486. Total connections: 2
2026-02-05 13:12:04 [INFO] app.services.analytics: MTD Financial Metrics for org 4384a92c-df41-444b-b34d-6c80e7820486: Revenue: 0, Expenses: 39600, Month: 2/2026
2026-02-05 13:12:04 [INFO] app.services.analytics: YTD Financial Metrics for org 4384a92c-df41-444b-b34d-6c80e7820486: Revenue: 125000, Expenses: 89600, Year: 2026
2026-02-05 13:22:25 [INFO] app.core.websocket_manager: WebSocket disconnected: user=3454bfa2-aabe-4254-b89d-af29c98548fc, org=4384a92c-df41-444b-b34d-6c80e7820486. Total connections: 1
2026-02-05 13:22:25 [INFO] app.core.websocket_manager: WebSocket disconnected: user=3454bfa2-aabe-4254-b89d-af29c98548fc, org=4384a92c-df41-444b-b34d-6c80e7820486. Total connections: 0
2026-02-05 13:22:25 [INFO] app.core.websocket_manager: WebSocket connected: user=3454bfa2-aabe-4254-b89d-af29c98548fc, org=4384a92c-df41-444b-b34d-6c80e7820486. Total connections: 1
2026-02-05 13:22:26 [INFO] app.core.websocket_manager: WebSocket connected: user=3454bfa2-aabe-4254-b89d-af29c98548fc, org=4384a92c-df41-444b-b34d-6c80e7820486. Total connections: 2
2026-02-05 13:22:28 [INFO] httpx: HTTP Request: POST https://jxhbhzryzuzedqlxjrzj.supabase.co/storage/v1/object/list/production-files "HTTP/2 200 OK"
2026-02-05 13:22:47 [INFO] httpx: HTTP Request: POST https://jxhbhzryzuzedqlxjrzj.supabase.co/storage/v1/object/list/production-files "HTTP/2 200 OK"
2026-02-05 13:22:47 [INFO] httpx: HTTP Request: POST https://jxhbhzryzuzedqlxjrzj.supabase.co/storage/v1/object/list/production-files "HTTP/2 200 OK"
2026-02-05 13:22:47 [INFO] httpx: HTTP Request: POST https://jxhbhzryzuzedqlxjrzj.supabase.co/storage/v1/object/list/production-files "HTTP/2 200 OK"
2026-02-05 13:53:41 [INFO] app.core.websocket_manager: WebSocket disconnected: user=3454bfa2-aabe-4254-b89d-af29c98548fc, org=4384a92c-df41-444b-b34d-6c80e7820486. Total connections: 1
2026-02-05 13:53:41 [INFO] app.core.websocket_manager: WebSocket disconnected: user=3454bfa2-aabe-4254-b89d-af29c98548fc, org=4384a92c-df41-444b-b34d-6c80e7820486. Total connections: 0
