2026-02-05 02:32:06 [INFO] app: Logging configuration initialized
2026-02-05 02:32:07 [INFO] app.core.websocket_manager: WebSocket connected: user=3454bfa2-aabe-4254-b89d-af29c98548fc, org=4384a92c-df41-444b-b34d-6c80e7820486. Total connections: 1
2026-02-05 02:32:16 [INFO] app.core.websocket_manager: WebSocket disconnected: user=3454bfa2-aabe-4254-b89d-af29c98548fc, org=4384a92c-df41-444b-b34d-6c80e7820486. Total connections: 0
2026-02-05 02:32:42 [INFO] app.core.websocket_manager: WebSocket connected: user=3454bfa2-aabe-4254-b89d-af29c98548fc, org=4384a92c-df41-444b-b34d-6c80e7820486. Total connections: 1
2026-02-05 02:32:42 [INFO] app.core.websocket_manager: WebSocket connected: user=3454bfa2-aabe-4254-b89d-af29c98548fc, org=4384a92c-df41-444b-b34d-6c80e7820486. Total connections: 2
2026-02-05 02:32:43 [INFO] httpx: HTTP Request: POST https://jxhbhzryzuzedqlxjrzj.supabase.co/storage/v1/object/list/production-files "HTTP/2 200 OK"
2026-02-05 02:32:43 [INFO] httpx: HTTP Request: POST https://jxhbhzryzuzedqlxjrzj.supabase.co/storage/v1/object/list/production-files "HTTP/2 200 OK"
2026-02-05 02:32:43 [INFO] httpx: HTTP Request: POST https://jxhbhzryzuzedqlxjrzj.supabase.co/storage/v1/object/list/production-files "HTTP/2 200 OK"
2026-02-05 02:36:05 [INFO] httpx: HTTP Request: POST https://jxhbhzryzuzedqlxjrzj.supabase.co/storage/v1/object/list/production-files "HTTP/2 200 OK"
2026-02-05 02:36:05 [INFO] httpx: HTTP Request: POST https://jxhbhzryzuzedqlxjrzj.supabase.co/storage/v1/object/list/production-files "HTTP/2 200 OK"
2026-02-05 02:36:05 [INFO] httpx: HTTP Request: POST https://jxhbhzryzuzedqlxjrzj.supabase.co/storage/v1/object/list/production-files "HTTP/2 200 OK"
2026-02-05 02:36:47 [ERROR] app.api.v1.endpoints.stakeholders: Failed to create stakeholder: notify_expense_created() got an unexpected keyword argument 'project_name'
Traceback (most recent call last):
  File "/Users/nicolasbertoni/safetasks-v3/backend/app/api/v1/endpoints/stakeholders.py", line 184, in create_stakeholder
    await notify_expense_created(
          ^^^^^^^^^^^^^^^^^^^^^^^
TypeError: notify_expense_created() got an unexpected keyword argument 'project_name'
2026-02-05 02:38:13 [INFO] app.core.websocket_manager: WebSocket disconnected: user=3454bfa2-aabe-4254-b89d-af29c98548fc, org=4384a92c-df41-444b-b34d-6c80e7820486. Total connections: 1
2026-02-05 02:38:13 [INFO] app.core.websocket_manager: WebSocket disconnected: user=3454bfa2-aabe-4254-b89d-af29c98548fc, org=4384a92c-df41-444b-b34d-6c80e7820486. Total connections: 0
2026-02-05 02:38:13 [INFO] app.core.websocket_manager: WebSocket connected: user=3454bfa2-aabe-4254-b89d-af29c98548fc, org=4384a92c-df41-444b-b34d-6c80e7820486. Total connections: 1
2026-02-05 02:38:13 [INFO] app.core.websocket_manager: WebSocket connected: user=3454bfa2-aabe-4254-b89d-af29c98548fc, org=4384a92c-df41-444b-b34d-6c80e7820486. Total connections: 2
2026-02-05 02:40:22 [INFO] httpx: HTTP Request: POST https://jxhbhzryzuzedqlxjrzj.supabase.co/storage/v1/object/list/production-files "HTTP/2 200 OK"
2026-02-05 02:40:22 [INFO] httpx: HTTP Request: POST https://jxhbhzryzuzedqlxjrzj.supabase.co/storage/v1/object/list/production-files "HTTP/2 200 OK"
2026-02-05 02:40:22 [INFO] httpx: HTTP Request: POST https://jxhbhzryzuzedqlxjrzj.supabase.co/storage/v1/object/list/production-files "HTTP/2 200 OK"
2026-02-05 02:40:50 [ERROR] app.api.v1.endpoints.stakeholders: Failed to create stakeholder: notify_expense_created() got an unexpected keyword argument 'project_name'
Traceback (most recent call last):
  File "/Users/nicolasbertoni/safetasks-v3/backend/app/api/v1/endpoints/stakeholders.py", line 184, in create_stakeholder
    await notify_expense_created(
          ^^^^^^^^^^^^^^^^^^^^^^^
TypeError: notify_expense_created() got an unexpected keyword argument 'project_name'
2026-02-05 02:41:29 [INFO] app.core.websocket_manager: WebSocket disconnected: user=3454bfa2-aabe-4254-b89d-af29c98548fc, org=4384a92c-df41-444b-b34d-6c80e7820486. Total connections: 1
2026-02-05 02:41:29 [INFO] app.core.websocket_manager: WebSocket disconnected: user=3454bfa2-aabe-4254-b89d-af29c98548fc, org=4384a92c-df41-444b-b34d-6c80e7820486. Total connections: 0
