2026-01-31 17:38:13 [INFO] app: Logging configuration initialized
2026-01-31 17:38:25 [INFO] app.services.analytics: MTD Financial Metrics for org 4384a92c-df41-444b-b34d-6c80e7820486: Revenue: 125000, Expenses: 5E+4, Date range: 2026-01-01 to 2026-01-31
2026-01-31 17:38:25 [INFO] app.services.analytics: YTD Financial Metrics for org 4384a92c-df41-444b-b34d-6c80e7820486: Revenue: 125000, Expenses: 5E+4, Date range: 2026-01-01 to 2026-01-31
2026-01-31 17:39:43 [INFO] app.services.analytics: MTD Financial Metrics for org 4384a92c-df41-444b-b34d-6c80e7820486: Revenue: 125000, Expenses: 5E+4, Date range: 2026-01-01 to 2026-01-31
2026-01-31 17:39:43 [INFO] app.services.analytics: YTD Financial Metrics for org 4384a92c-df41-444b-b34d-6c80e7820486: Revenue: 125000, Expenses: 5E+4, Date range: 2026-01-01 to 2026-01-31
2026-01-31 17:44:41 [INFO] app.services.analytics: MTD Financial Metrics for org 4384a92c-df41-444b-b34d-6c80e7820486: Revenue: 125000, Expenses: 5E+4, Date range: 2026-01-01 to 2026-01-31
2026-01-31 17:44:41 [INFO] app.services.analytics: YTD Financial Metrics for org 4384a92c-df41-444b-b34d-6c80e7820486: Revenue: 125000, Expenses: 5E+4, Date range: 2026-01-01 to 2026-01-31
2026-01-31 17:59:00 [INFO] httpx: HTTP Request: POST https://jxhbhzryzuzedqlxjrzj.supabase.co/storage/v1/object/list/production-files "HTTP/2 200 OK"
2026-01-31 17:59:00 [INFO] httpx: HTTP Request: POST https://jxhbhzryzuzedqlxjrzj.supabase.co/storage/v1/object/list/production-files "HTTP/2 200 OK"
2026-01-31 17:59:00 [INFO] httpx: HTTP Request: POST https://jxhbhzryzuzedqlxjrzj.supabase.co/storage/v1/object/list/production-files "HTTP/2 200 OK"
2026-01-31 17:59:11 [INFO] httpx: HTTP Request: POST https://jxhbhzryzuzedqlxjrzj.supabase.co/storage/v1/object/production-files/4384a92c-df41-444b-b34d-6c80e7820486/scripts/Roteiro_AEX_QA_Solange_e14b3217.pdf "HTTP/2 200 OK"
2026-01-31 18:00:03 [INFO] httpx: HTTP Request: POST https://jxhbhzryzuzedqlxjrzj.supabase.co/storage/v1/object/list/production-files "HTTP/2 200 OK"
2026-01-31 18:00:03 [INFO] httpx: HTTP Request: POST https://jxhbhzryzuzedqlxjrzj.supabase.co/storage/v1/object/list/production-files "HTTP/2 200 OK"
2026-01-31 18:00:04 [INFO] httpx: HTTP Request: POST https://jxhbhzryzuzedqlxjrzj.supabase.co/storage/v1/object/list/production-files "HTTP/2 200 OK"
2026-01-31 18:00:15 [INFO] httpx: HTTP Request: POST https://jxhbhzryzuzedqlxjrzj.supabase.co/storage/v1/object/list/production-files "HTTP/2 200 OK"
2026-01-31 18:00:15 [INFO] httpx: HTTP Request: DELETE https://jxhbhzryzuzedqlxjrzj.supabase.co/storage/v1/object/production-files "HTTP/2 200 OK"
2026-01-31 18:01:59 [INFO] httpx: HTTP Request: POST https://jxhbhzryzuzedqlxjrzj.supabase.co/storage/v1/object/production-files/4384a92c-df41-444b-b34d-6c80e7820486/scripts/Roteiro_AEX_QA_Solange_49758865.pdf "HTTP/2 200 OK"
2026-01-31 18:04:01 [INFO] httpx: HTTP Request: POST https://jxhbhzryzuzedqlxjrzj.supabase.co/storage/v1/object/production-files/4384a92c-df41-444b-b34d-6c80e7820486/scripts/Roteiros_AEX_Solange_1f95c77f.pdf "HTTP/2 200 OK"
2026-01-31 18:07:05 [INFO] httpx: HTTP Request: POST https://jxhbhzryzuzedqlxjrzj.supabase.co/storage/v1/object/list/production-files "HTTP/2 200 OK"
2026-01-31 18:07:06 [INFO] httpx: HTTP Request: POST https://jxhbhzryzuzedqlxjrzj.supabase.co/storage/v1/object/list/production-files "HTTP/2 200 OK"
2026-01-31 18:07:06 [INFO] httpx: HTTP Request: POST https://jxhbhzryzuzedqlxjrzj.supabase.co/storage/v1/object/list/production-files "HTTP/2 200 OK"
2026-01-31 18:07:23 [INFO] app.services.analytics: MTD Financial Metrics for org 4384a92c-df41-444b-b34d-6c80e7820486: Revenue: 125000, Expenses: 5E+4, Date range: 2026-01-01 to 2026-01-31
2026-01-31 18:07:23 [INFO] app.services.analytics: YTD Financial Metrics for org 4384a92c-df41-444b-b34d-6c80e7820486: Revenue: 125000, Expenses: 5E+4, Date range: 2026-01-01 to 2026-01-31
2026-01-31 18:11:21 [INFO] app.services.analytics: MTD Financial Metrics for org 4384a92c-df41-444b-b34d-6c80e7820486: Revenue: 125000, Expenses: 5E+4, Date range: 2026-01-01 to 2026-01-31
2026-01-31 18:11:21 [INFO] app.services.analytics: YTD Financial Metrics for org 4384a92c-df41-444b-b34d-6c80e7820486: Revenue: 125000, Expenses: 5E+4, Date range: 2026-01-01 to 2026-01-31
2026-01-31 18:11:31 [INFO] app.services.analytics: MTD Financial Metrics for org 4384a92c-df41-444b-b34d-6c80e7820486: Revenue: 125000, Expenses: 5E+4, Date range: 2026-01-01 to 2026-01-31
2026-01-31 18:11:31 [INFO] app.services.analytics: YTD Financial Metrics for org 4384a92c-df41-444b-b34d-6c80e7820486: Revenue: 125000, Expenses: 5E+4, Date range: 2026-01-01 to 2026-01-31
2026-01-31 18:11:39 [INFO] app.services.analytics: MTD Financial Metrics for org 4384a92c-df41-444b-b34d-6c80e7820486: Revenue: 125000, Expenses: 5E+4, Date range: 2026-01-01 to 2026-01-31
2026-01-31 18:11:39 [INFO] app.services.analytics: YTD Financial Metrics for org 4384a92c-df41-444b-b34d-6c80e7820486: Revenue: 125000, Expenses: 5E+4, Date range: 2026-01-01 to 2026-01-31
2026-01-31 18:21:39 [INFO] app.services.analytics: MTD Financial Metrics for org 4384a92c-df41-444b-b34d-6c80e7820486: Revenue: 125000, Expenses: 5E+4, Date range: 2026-01-01 to 2026-01-31
2026-01-31 18:21:39 [INFO] app.services.analytics: YTD Financial Metrics for org 4384a92c-df41-444b-b34d-6c80e7820486: Revenue: 125000, Expenses: 5E+4, Date range: 2026-01-01 to 2026-01-31
2026-01-31 18:31:40 [INFO] app.services.analytics: MTD Financial Metrics for org 4384a92c-df41-444b-b34d-6c80e7820486: Revenue: 125000, Expenses: 5E+4, Date range: 2026-01-01 to 2026-01-31
2026-01-31 18:31:40 [INFO] app.services.analytics: YTD Financial Metrics for org 4384a92c-df41-444b-b34d-6c80e7820486: Revenue: 125000, Expenses: 5E+4, Date range: 2026-01-01 to 2026-01-31
2026-01-31 18:41:48 [INFO] app.services.analytics: MTD Financial Metrics for org 4384a92c-df41-444b-b34d-6c80e7820486: Revenue: 125000, Expenses: 5E+4, Date range: 2026-01-01 to 2026-01-31
2026-01-31 18:41:48 [INFO] app.services.analytics: YTD Financial Metrics for org 4384a92c-df41-444b-b34d-6c80e7820486: Revenue: 125000, Expenses: 5E+4, Date range: 2026-01-01 to 2026-01-31
2026-01-31 18:51:48 [INFO] app.services.analytics: MTD Financial Metrics for org 4384a92c-df41-444b-b34d-6c80e7820486: Revenue: 125000, Expenses: 5E+4, Date range: 2026-01-01 to 2026-01-31
2026-01-31 18:51:48 [INFO] app.services.analytics: YTD Financial Metrics for org 4384a92c-df41-444b-b34d-6c80e7820486: Revenue: 125000, Expenses: 5E+4, Date range: 2026-01-01 to 2026-01-31
2026-01-31 22:36:26 [INFO] app.services.analytics: MTD Financial Metrics for org 4384a92c-df41-444b-b34d-6c80e7820486: Revenue: 125000, Expenses: 5E+4, Date range: 2026-01-01 to 2026-01-31
2026-01-31 22:36:26 [INFO] app.services.analytics: YTD Financial Metrics for org 4384a92c-df41-444b-b34d-6c80e7820486: Revenue: 125000, Expenses: 5E+4, Date range: 2026-01-01 to 2026-01-31
